Build started 11/11/2018 16:04:32.
     1>Project "C:\Users\user\Documents\Visual Studio 2013\Projects\exm2\exm2\exm2.vcxproj" on node 2 (Build target(s)).
     1>ClCompile:
         C:\Program Files (x86)\Microsoft Visual Studio 12.0\VC\bin\CL.exe /c /ZI /nologo /W3 /WX- /sdl /Od /Oy- /D WIN32 /D _WINDOWS /D _DEBUG /D _UNICODE /D UNICODE /D _AFXDLL /Gm /EHsc /RTC1 /MDd /GS /fp:precise /Zc:wchar_t /Zc:forScope /Yc"stdafx.h" /Fp"Debug\exm2.pch" /Fo"Debug\\" /Fd"Debug\vc120.pdb" /Gd /TP /analyze- /errorReport:prompt stdafx.cpp
         stdafx.cpp
         C:\Program Files (x86)\Microsoft Visual Studio 12.0\VC\bin\CL.exe /c /ZI /nologo /W3 /WX- /sdl /Od /Oy- /D WIN32 /D _WINDOWS /D _DEBUG /D _UNICODE /D UNICODE /D _AFXDLL /Gm /EHsc /RTC1 /MDd /GS /fp:precise /Zc:wchar_t /Zc:forScope /Yu"stdafx.h" /Fp"Debug\exm2.pch" /Fo"Debug\\" /Fd"Debug\vc120.pdb" /Gd /TP /analyze- /errorReport:prompt Figure.cpp exm2.cpp exm2Dlg.cpp
         exm2Dlg.cpp
         exm2.cpp
         Figure.cpp
         Generating Code...
       Link:
         C:\Program Files (x86)\Microsoft Visual Studio 12.0\VC\bin\link.exe /ERRORREPORT:PROMPT /OUT:"C:\Users\user\Documents\Visual Studio 2013\Projects\exm2\Debug\exm2.exe" /INCREMENTAL /NOLOGO /MANIFEST /MANIFESTUAC:"level='asInvoker' uiAccess='false'" /manifest:embed /manifestinput:"C:\Program Files (x86)\Microsoft Visual Studio 12.0\VC\Include\Manifest\dpiaware.manifest" /DEBUG /PDB:"C:\Users\user\Documents\Visual Studio 2013\Projects\exm2\Debug\exm2.pdb" /SUBSYSTEM:WINDOWS /TLBID:1 /ENTRY:"wWinMainCRTStartup" /DYNAMICBASE /NXCOMPAT /IMPLIB:"C:\Users\user\Documents\Visual Studio 2013\Projects\exm2\Debug\exm2.lib" /MACHINE:X86 Debug\exm2.res
         Debug\exm2.obj
         Debug\exm2Dlg.obj
         Debug\Figure.obj
         Debug\stdafx.obj
         exm2.vcxproj -> C:\Users\user\Documents\Visual Studio 2013\Projects\exm2\Debug\exm2.exe
     1>Done Building Project "C:\Users\user\Documents\Visual Studio 2013\Projects\exm2\exm2\exm2.vcxproj" (Build target(s)).

Build succeeded.

Time Elapsed 00:00:19.17
