c:\users\user\documents\visual studio 2013\projects\exm2\exm2\debug\exm2.pch
c:\users\user\documents\visual studio 2013\projects\exm2\exm2\debug\vc120.pdb
c:\users\user\documents\visual studio 2013\projects\exm2\exm2\debug\vc120.idb
c:\users\user\documents\visual studio 2013\projects\exm2\exm2\debug\stdafx.obj
c:\users\user\documents\visual studio 2013\projects\exm2\exm2\debug\exm2.obj
c:\users\user\documents\visual studio 2013\projects\exm2\exm2\debug\exm2dlg.obj
c:\users\user\documents\visual studio 2013\projects\exm2\exm2\debug\figure.obj
c:\users\user\documents\visual studio 2013\projects\exm2\debug\exm2.ilk
c:\users\user\documents\visual studio 2013\projects\exm2\debug\exm2.exe
c:\users\user\documents\visual studio 2013\projects\exm2\debug\exm2.pdb
c:\users\user\documents\visual studio 2013\projects\exm2\exm2\debug\exm2.res
c:\users\user\documents\visual studio 2013\projects\exm2\exm2\debug\exm2.tlog\cl.command.1.tlog
c:\users\user\documents\visual studio 2013\projects\exm2\exm2\debug\exm2.tlog\cl.read.1.tlog
c:\users\user\documents\visual studio 2013\projects\exm2\exm2\debug\exm2.tlog\cl.write.1.tlog
c:\users\user\documents\visual studio 2013\projects\exm2\exm2\debug\exm2.tlog\link.command.1.tlog
c:\users\user\documents\visual studio 2013\projects\exm2\exm2\debug\exm2.tlog\link.read.1.tlog
c:\users\user\documents\visual studio 2013\projects\exm2\exm2\debug\exm2.tlog\link.write.1.tlog
c:\users\user\documents\visual studio 2013\projects\exm2\exm2\debug\exm2.tlog\rc.command.1.tlog
c:\users\user\documents\visual studio 2013\projects\exm2\exm2\debug\exm2.tlog\rc.read.1.tlog
c:\users\user\documents\visual studio 2013\projects\exm2\exm2\debug\exm2.tlog\rc.write.1.tlog
